qemu-system-x86_64: warning: host doesn't support requested feature: CPUID.0DH:EAX.xgetbv1 [bit 2]
qemu-system-x86_64: warning: host doesn't support requested feature: MSR(48EH).vmx-vintr-pending [bit 2]
qemu-system-x86_64: warning: host doesn't support requested feature: MSR(48EH).vmx-tsc-offset [bit 3]
qemu-system-x86_64: warning: host doesn't support requested feature: MSR(48EH).vmx-hlt-exit [bit 7]
qemu-system-x86_64: warning: host doesn't support requested feature: MSR(48EH).vmx-invlpg-exit [bit 9]
qemu-system-x86_64: warning: host doesn't support requested feature: MSR(48EH).vmx-mwait-exit [bit 10]
qemu-system-x86_64: warning: host doesn't support requested feature: MSR(48EH).vmx-rdpmc-exit [bit 11]
qemu-system-x86_64: warning: host doesn't support requested feature: MSR(48EH).vmx-rdtsc-exit [bit 12]
qemu-system-x86_64: warning: host doesn't support requested feature: MSR(48EH).vmx-cr8-load-exit [bit 19]
qemu-system-x86_64: warning: host doesn't support requested feature: MSR(48EH).vmx-cr8-store-exit [bit 20]
qemu-system-x86_64: warning: host doesn't support requested feature: MSR(48EH).vmx-flexpriority [bit 21]
qemu-system-x86_64: warning: host doesn't support requested feature: MSR(48EH).vmx-vnmi-pending [bit 22]
qemu-system-x86_64: warning: host doesn't support requested feature: MSR(48EH).vmx-movdr-exit [bit 23]
qemu-system-x86_64: warning: host doesn't support requested feature: MSR(48EH).vmx-io-exit [bit 24]
qemu-system-x86_64: warning: host doesn't support requested feature: MSR(48EH).vmx-io-bitmap [bit 25]
qemu-system-x86_64: warning: host doesn't support requested feature: MSR(48EH).vmx-msr-bitmap [bit 28]
qemu-system-x86_64: warning: host doesn't support requested feature: MSR(48EH).vmx-monitor-exit [bit 29]
qemu-system-x86_64: warning: host doesn't support requested feature: MSR(48EH).vmx-pause-exit [bit 30]
qemu-system-x86_64: warning: host doesn't support requested feature: MSR(48EH).vmx-secondary-ctls [bit 31]
qemu-system-x86_64: warning: host doesn't support requested feature: MSR(48BH).vmx-apicv-xapic [bit 0]
qemu-system-x86_64: warning: host doesn't support requested feature: MSR(48BH).vmx-wbinvd-exit [bit 6]
qemu-system-x86_64: warning: host doesn't support requested feature: MSR(48DH).vmx-intr-exit [bit 0]
qemu-system-x86_64: warning: host doesn't support requested feature: MSR(48DH).vmx-nmi-exit [bit 3]
qemu-system-x86_64: warning: host doesn't support requested feature: MSR(48DH).vmx-vnmi [bit 5]
qemu-system-x86_64: warning: host doesn't support requested feature: MSR(48FH).vmx-exit-load-perf-global-ctrl [bit 12]
qemu-system-x86_64: warning: host doesn't support requested feature: MSR(48FH).vmx-exit-ack-intr [bit 15]
qemu-system-x86_64: warning: host doesn't support requested feature: MSR(490H).vmx-entry-ia32e-mode [bit 9]
qemu-system-x86_64: warning: host doesn't support requested feature: MSR(490H).vmx-entry-load-perf-global-ctrl [bit 13]
qemu-system-x86_64: warning: host doesn't support requested feature: MSR(485H).vmx-activity-hlt [bit 6]
qemu-system-x86_64: warning: host doesn't support requested feature: MSR(480H).vmx-ins-outs [bit 54]
qemu-system-x86_64: warning: host doesn't support requested feature: CPUID.0DH:EAX.xgetbv1 [bit 2]
qemu-system-x86_64: warning: host doesn't support requested feature: MSR(48EH).vmx-vintr-pending [bit 2]
qemu-system-x86_64: warning: host doesn't support requested feature: MSR(48EH).vmx-tsc-offset [bit 3]
qemu-system-x86_64: warning: host doesn't support requested feature: MSR(48EH).vmx-hlt-exit [bit 7]
qemu-system-x86_64: warning: host doesn't support requested feature: MSR(48EH).vmx-invlpg-exit [bit 9]
qemu-system-x86_64: warning: host doesn't support requested feature: MSR(48EH).vmx-mwait-exit [bit 10]
qemu-system-x86_64: warning: host doesn't support requested feature: MSR(48EH).vmx-rdpmc-exit [bit 11]
qemu-system-x86_64: warning: host doesn't support requested feature: MSR(48EH).vmx-rdtsc-exit [bit 12]
qemu-system-x86_64: warning: host doesn't support requested feature: MSR(48EH).vmx-cr8-load-exit [bit 19]
qemu-system-x86_64: warning: host doesn't support requested feature: MSR(48EH).vmx-cr8-store-exit [bit 20]
qemu-system-x86_64: warning: host doesn't support requested feature: MSR(48EH).vmx-flexpriority [bit 21]
qemu-system-x86_64: warning: host doesn't support requested feature: MSR(48EH).vmx-vnmi-pending [bit 22]
qemu-system-x86_64: warning: host doesn't support requested feature: MSR(48EH).vmx-movdr-exit [bit 23]
qemu-system-x86_64: warning: host doesn't support requested feature: MSR(48EH).vmx-io-exit [bit 24]
qemu-system-x86_64: warning: host doesn't support requested feature: MSR(48EH).vmx-io-bitmap [bit 25]
qemu-system-x86_64: warning: host doesn't support requested feature: MSR(48EH).vmx-msr-bitmap [bit 28]
qemu-system-x86_64: warning: host doesn't support requested feature: MSR(48EH).vmx-monitor-exit [bit 29]
qemu-system-x86_64: warning: host doesn't support requested feature: MSR(48EH).vmx-pause-exit [bit 30]
qemu-system-x86_64: warning: host doesn't support requested feature: MSR(48EH).vmx-secondary-ctls [bit 31]
qemu-system-x86_64: warning: host doesn't support requested feature: MSR(48BH).vmx-apicv-xapic [bit 0]
qemu-system-x86_64: warning: host doesn't support requested feature: MSR(48BH).vmx-wbinvd-exit [bit 6]
qemu-system-x86_64: warning: host doesn't support requested feature: MSR(48DH).vmx-intr-exit [bit 0]
qemu-system-x86_64: warning: host doesn't support requested feature: MSR(48DH).vmx-nmi-exit [bit 3]
qemu-system-x86_64: warning: host doesn't support requested feature: MSR(48DH).vmx-vnmi [bit 5]
qemu-system-x86_64: warning: host doesn't support requested feature: MSR(48FH).vmx-exit-load-perf-global-ctrl [bit 12]
qemu-system-x86_64: warning: host doesn't support requested feature: MSR(48FH).vmx-exit-ack-intr [bit 15]
qemu-system-x86_64: warning: host doesn't support requested feature: MSR(490H).vmx-entry-ia32e-mode [bit 9]
qemu-system-x86_64: warning: host doesn't support requested feature: MSR(490H).vmx-entry-load-perf-global-ctrl [bit 13]
qemu-system-x86_64: warning: host doesn't support requested feature: MSR(485H).vmx-activity-hlt [bit 6]
qemu-system-x86_64: warning: host doesn't support requested feature: MSR(480H).vmx-ins-outs [bit 54]
qemu-system-x86_64: warning: host doesn't support requested feature: CPUID.0DH:EAX.xgetbv1 [bit 2]
qemu-system-x86_64: warning: host doesn't support requested feature: MSR(48EH).vmx-vintr-pending [bit 2]
qemu-system-x86_64: warning: host doesn't support requested feature: MSR(48EH).vmx-tsc-offset [bit 3]
qemu-system-x86_64: warning: host doesn't support requested feature: MSR(48EH).vmx-hlt-exit [bit 7]
qemu-system-x86_64: warning: host doesn't support requested feature: MSR(48EH).vmx-invlpg-exit [bit 9]
qemu-system-x86_64: warning: host doesn't support requested feature: MSR(48EH).vmx-mwait-exit [bit 10]
qemu-system-x86_64: warning: host doesn't support requested feature: MSR(48EH).vmx-rdpmc-exit [bit 11]
qemu-system-x86_64: warning: host doesn't support requested feature: MSR(48EH).vmx-rdtsc-exit [bit 12]
qemu-system-x86_64: warning: host doesn't support requested feature: MSR(48EH).vmx-cr8-load-exit [bit 19]
qemu-system-x86_64: warning: host doesn't support requested feature: MSR(48EH).vmx-cr8-store-exit [bit 20]
qemu-system-x86_64: warning: host doesn't support requested feature: MSR(48EH).vmx-flexpriority [bit 21]
qemu-system-x86_64: warning: host doesn't support requested feature: MSR(48EH).vmx-vnmi-pending [bit 22]
qemu-system-x86_64: warning: host doesn't support requested feature: MSR(48EH).vmx-movdr-exit [bit 23]
qemu-system-x86_64: warning: host doesn't support requested feature: MSR(48EH).vmx-io-exit [bit 24]
qemu-system-x86_64: warning: host doesn't support requested feature: MSR(48EH).vmx-io-bitmap [bit 25]
qemu-system-x86_64: warning: host doesn't support requested feature: MSR(48EH).vmx-msr-bitmap [bit 28]
qemu-system-x86_64: warning: host doesn't support requested feature: MSR(48EH).vmx-monitor-exit [bit 29]
qemu-system-x86_64: warning: host doesn't support requested feature: MSR(48EH).vmx-pause-exit [bit 30]
qemu-system-x86_64: warning: host doesn't support requested feature: MSR(48EH).vmx-secondary-ctls [bit 31]
qemu-system-x86_64: warning: host doesn't support requested feature: MSR(48BH).vmx-apicv-xapic [bit 0]
qemu-system-x86_64: warning: host doesn't support requested feature: MSR(48BH).vmx-wbinvd-exit [bit 6]
qemu-system-x86_64: warning: host doesn't support requested feature: MSR(48DH).vmx-intr-exit [bit 0]
qemu-system-x86_64: warning: host doesn't support requested feature: MSR(48DH).vmx-nmi-exit [bit 3]
qemu-system-x86_64: warning: host doesn't support requested feature: MSR(48DH).vmx-vnmi [bit 5]
qemu-system-x86_64: warning: host doesn't support requested feature: MSR(48FH).vmx-exit-load-perf-global-ctrl [bit 12]
qemu-system-x86_64: warning: host doesn't support requested feature: MSR(48FH).vmx-exit-ack-intr [bit 15]
qemu-system-x86_64: warning: host doesn't support requested feature: MSR(490H).vmx-entry-ia32e-mode [bit 9]
qemu-system-x86_64: warning: host doesn't support requested feature: MSR(490H).vmx-entry-load-perf-global-ctrl [bit 13]
qemu-system-x86_64: warning: host doesn't support requested feature: MSR(485H).vmx-activity-hlt [bit 6]
qemu-system-x86_64: warning: host doesn't support requested feature: MSR(480H).vmx-ins-outs [bit 54]
qemu-system-x86_64: warning: host doesn't support requested feature: CPUID.0DH:EAX.xgetbv1 [bit 2]
qemu-system-x86_64: warning: host doesn't support requested feature: MSR(48EH).vmx-vintr-pending [bit 2]
qemu-system-x86_64: warning: host doesn't support requested feature: MSR(48EH).vmx-tsc-offset [bit 3]
qemu-system-x86_64: warning: host doesn't support requested feature: MSR(48EH).vmx-hlt-exit [bit 7]
qemu-system-x86_64: warning: host doesn't support requested feature: MSR(48EH).vmx-invlpg-exit [bit 9]
qemu-system-x86_64: warning: host doesn't support requested feature: MSR(48EH).vmx-mwait-exit [bit 10]
qemu-system-x86_64: warning: host doesn't support requested feature: MSR(48EH).vmx-rdpmc-exit [bit 11]
qemu-system-x86_64: warning: host doesn't support requested feature: MSR(48EH).vmx-rdtsc-exit [bit 12]
qemu-system-x86_64: warning: host doesn't support requested feature: MSR(48EH).vmx-cr8-load-exit [bit 19]
qemu-system-x86_64: warning: host doesn't support requested feature: MSR(48EH).vmx-cr8-store-exit [bit 20]
qemu-system-x86_64: warning: host doesn't support requested feature: MSR(48EH).vmx-flexpriority [bit 21]
qemu-system-x86_64: warning: host doesn't support requested feature: MSR(48EH).vmx-vnmi-pending [bit 22]
qemu-system-x86_64: warning: host doesn't support requested feature: MSR(48EH).vmx-movdr-exit [bit 23]
qemu-system-x86_64: warning: host doesn't support requested feature: MSR(48EH).vmx-io-exit [bit 24]
qemu-system-x86_64: warning: host doesn't support requested feature: MSR(48EH).vmx-io-bitmap [bit 25]
qemu-system-x86_64: warning: host doesn't support requested feature: MSR(48EH).vmx-msr-bitmap [bit 28]
qemu-system-x86_64: warning: host doesn't support requested feature: MSR(48EH).vmx-monitor-exit [bit 29]
qemu-system-x86_64: warning: host doesn't support requested feature: MSR(48EH).vmx-pause-exit [bit 30]
qemu-system-x86_64: warning: host doesn't support requested feature: MSR(48EH).vmx-secondary-ctls [bit 31]
qemu-system-x86_64: warning: host doesn't support requested feature: MSR(48BH).vmx-apicv-xapic [bit 0]
qemu-system-x86_64: warning: host doesn't support requested feature: MSR(48BH).vmx-wbinvd-exit [bit 6]
qemu-system-x86_64: warning: host doesn't support requested feature: MSR(48DH).vmx-intr-exit [bit 0]
qemu-system-x86_64: warning: host doesn't support requested feature: MSR(48DH).vmx-nmi-exit [bit 3]
qemu-system-x86_64: warning: host doesn't support requested feature: MSR(48DH).vmx-vnmi [bit 5]
qemu-system-x86_64: warning: host doesn't support requested feature: MSR(48FH).vmx-exit-load-perf-global-ctrl [bit 12]
qemu-system-x86_64: warning: host doesn't support requested feature: MSR(48FH).vmx-exit-ack-intr [bit 15]
qemu-system-x86_64: warning: host doesn't support requested feature: MSR(490H).vmx-entry-ia32e-mode [bit 9]
qemu-system-x86_64: warning: host doesn't support requested feature: MSR(490H).vmx-entry-load-perf-global-ctrl [bit 13]
qemu-system-x86_64: warning: host doesn't support requested feature: MSR(485H).vmx-activity-hlt [bit 6]
qemu-system-x86_64: warning: host doesn't support requested feature: MSR(480H).vmx-ins-outs [bit 54]
usb_desc_get_descriptor: 2 unknown type 33 (len 10)
usb_desc_get_descriptor: 1 unknown type 33 (len 10)
qemu-system-x86_64: warning: guest updated active QH
