[2J[01;01H[=3h[2J[01;01H[2J[01;01H[=3h[2J[01;01H[2J[01;01H[=3h[2J[01;01H[0m[35m[40m[0m[37m[40mBdsDxe: failed to load Boot0004 "Clover start boot.efi at Preboot" from HD(1,GPT,27D178B5-9C4F-4E12-8770-1176B2F3C799,0x800,0x30541)/\EFI\CLOVER\CLOVERX64.EFI: Not Found
BdsDxe: failed to load Boot0006 "Clover start boot.efi at Recovery" from HD(1,GPT,27D178B5-9C4F-4E12-8770-1176B2F3C799,0x800,0x30541)/\EFI\CLOVER\CLOVERX64.EFI: Not Found
BdsDxe: failed to load Boot0007 "Clover start boot.efi at MacOs" from HD(1,GPT,27D178B5-9C4F-4E12-8770-1176B2F3C799,0x800,0x30541)/\EFI\CLOVER\CLOVERX64.EFI: Not Found
BdsDxe: loading Boot0005 "EFI Internal Shell" from Fv(7CB8BDC9-F8EB-4F34-AAEA-3EE4AF6516A1)/FvFile(7C04A583-9E3E-4F1C-AD65-E05268D0B4D1)
BdsDxe: starting Boot0005 "EFI Internal Shell" from Fv(7CB8BDC9-F8EB-4F34-AAEA-3EE4AF6516A1)/FvFile(7C04A583-9E3E-4F1C-AD65-E05268D0B4D1)
[2J[01;01H[01;01HUEFI Interactive Shell v2.2
EDK II
UEFI v2.70 (EDK II, 0x00010000)
[1m[33m[40mMapping table[0m[37m[40m
[1m[33m[40m      FS0:[0m[37m[40m [1m[37m[40mAlias(s):[0m[37m[40mHD0c65535a1:;BLK1:
          PciRoot(0x0)/Pci(0x4,0x0)/Sata(0x2,0xFFFF,0x0)/HD(1,GPT,9CFED741-5200-4599-884E-7FB50F89D1CB,0x800,0x30541)
[1m[33m[40m      FS1:[0m[37m[40m [1m[37m[40mAlias(s):[0m[37m[40mHD0c65535a2:;BLK2:
          PciRoot(0x0)/Pci(0x4,0x0)/Sata(0x2,0xFFFF,0x0)/HD(2,GPT,36FF488F-E240-4EFD-A855-4C8A6DAF3942,0x31540,0x4E2C1)
[1m[33m[40m      FS2:[0m[37m[40m [1m[37m[40mAlias(s):[0m[37m[40mHD0e65535a1:;BLK4:
          PciRoot(0x0)/Pci(0x4,0x0)/Sata(0x4,0xFFFF,0x0)/HD(1,GPT,5E5ED0FA-D9CC-4CBD-B064-4C6EBA3CB852,0x28,0x64000)
[1m[33m[40m     BLK0:[0m[37m[40m [1m[37m[40mAlias(s):[0m[37m[40m
          PciRoot(0x0)/Pci(0x4,0x0)/Sata(0x2,0xFFFF,0x0)
[1m[33m[40m     BLK3:[0m[37m[40m [1m[37m[40mAlias(s):[0m[37m[40m
          PciRoot(0x0)/Pci(0x4,0x0)/Sata(0x4,0xFFFF,0x0)
[1m[33m[40m     BLK5:[0m[37m[40m [1m[37m[40mAlias(s):[0m[37m[40m
          PciRoot(0x0)/Pci(0x4,0x0)/Sata(0x4,0xFFFF,0x0)/HD(2,GPT,D6178A4A-9BCF-4A02-B673-6DDEE387B8B0,0x64028,0x7F5BFB0)
[21;01HPress [1m[37m[40mESC[0m[37m[40m in 5 seconds to skip [1m[33m[40mstartup.nsh[0m[37m[40m or any other key to continue.[21;01HPress [1m[37m[40mESC[0m[37m[40m in 4 seconds to skip [1m[33m[40mstartup.nsh[0m[37m[40m or any other key to continue.[21;01HPress [1m[37m[40mESC[0m[37m[40m in 3 seconds to skip [1m[33m[40mstartup.nsh[0m[37m[40m or any other key to continue.[21;01HPress [1m[37m[40mESC[0m[37m[40m in 2 seconds to skip [1m[33m[40mstartup.nsh[0m[37m[40m or any other key to continue.[21;01HPress [1m[37m[40mESC[0m[37m[40m in 1 seconds to skip [1m[33m[40mstartup.nsh[0m[37m[40m or any other key to continue.
[1m[33m[40mShell> [0m[37m[40mfs0:\EFI\CLOVER\CLOVERX64.efi
!!!! X64 Exception Type - 0D(#GP - General Protection)  CPU Apic ID - 00000000 !!!!
ExceptionData - 0000000000000000
RIP  - 000000007D93B62E, CS  - 0000000000000038, RFLAGS - 0000000000000213
RAX  - 000000007D93B629, RCX - 0000000000000035, RDX - 000000007D99210C
RBX  - 000000007FEC10D0, RSP - 000000007FEC1010, RBP - 000000007FEC1180
RSI  - 000000007EC1EA98, RDI - 000000007EBFA018
R8   - 000000000000001E, R9  - 0000000000000001, R10 - 0000000000000000
R11  - 0000000000000000, R12 - 000000007FEC1080, R13 - 000000007FEC1598
R14  - 000000007FEC1708, R15 - 0000000000000000
DS   - 0000000000000030, ES  - 0000000000000030, FS  - 0000000000000030
GS   - 0000000000000030, SS  - 0000000000000030
CR0  - 00000000C0000033, CR2 - 0000000000000000, CR3 - 000000007FC01000
CR4  - 0000000000000668, CR8 - 0000000000000000
DR0  - 0000000000000000, DR1 - 0000000000000000, DR2 - 0000000000000000
DR3  - 0000000000000000, DR6 - 00000000FFFF0FF0, DR7 - 0000000000000400
GDTR - 000000007FBEE698 0000000000000047, LDTR - 0000000000000000
IDTR - 000000007F81D018 0000000000000FFF,   TR - 0000000000000000
FXSAVE_STATE - 000000007FEC0C70
!!!! Find image based on IP(0x7D93B62E) /Users/sergey/src/CloverHackyColor/Build/Clover/RELEASE_GCC53/X64/rEFIt_UEFI/refit/DEBUG/CLOVERX64.dll (ImageBase=000000007D8F9000, EntryPoint=000000007D977DFA) !!!!
